<?xml version="1.0" encoding="UTF-8"?>
<testng-results skipped="0" failed="1" total="3" passed="2">
  <reporter-output>
  </reporter-output>
  <suite name="Default suite" duration-ms="210234" started-at="2016-01-20T23:21:46Z" finished-at="2016-01-20T23:25:16Z">
    <groups>
    </groups>
    <test name="Default test" duration-ms="210234" started-at="2016-01-20T23:21:46Z" finished-at="2016-01-20T23:25:16Z">
      <class name="smoketest.Testsuit">
        <test-method status="PASS" signature="before()[pri:0, instance:smoketest.Testsuit@edf4efb]" name="before" is-config="true" duration-ms="41702" started-at="2016-01-20T18:21:46Z" finished-at="2016-01-20T18:22:27Z">
          <reporter-output>
          </reporter-output>
        </test-method> <!-- before -->
        <test-method status="PASS" signature="createaccountInvalidemail()[pri:0, instance:smoketest.Testsuit@edf4efb]" name="createaccountInvalidemail" duration-ms="13369" started-at="2016-01-20T18:22:27Z" finished-at="2016-01-20T18:22:41Z">
          <reporter-output>
          </reporter-output>
        </test-method> <!-- createaccountInvalidemail -->
        <test-method status="PASS" signature="teardown(org.testng.ITestResult)[pri:0, instance:smoketest.Testsuit@edf4efb]" name="teardown" is-config="true" duration-ms="9530" started-at="2016-01-20T18:22:41Z" finished-at="2016-01-20T18:22:50Z">
          <params>
            <param index="0">
              <value>
                <![CDATA[[TestResult name=createaccountInvalidemail status=SUCCESS method=Testsuit.createaccountInvalidemail()[pri:0, instance:smoketest.Testsuit@edf4efb] output={null}]]]>
              </value>
            </param>
          </params>
          <reporter-output>
          </reporter-output>
        </test-method> <!-- teardown -->
        <test-method status="PASS" signature="before()[pri:0, instance:smoketest.Testsuit@edf4efb]" name="before" is-config="true" duration-ms="31266" started-at="2016-01-20T18:22:50Z" finished-at="2016-01-20T18:23:22Z">
          <reporter-output>
          </reporter-output>
        </test-method> <!-- before -->
        <test-method status="PASS" signature="createaccountregisteremail()[pri:0, instance:smoketest.Testsuit@edf4efb]" name="createaccountregisteremail" duration-ms="14308" started-at="2016-01-20T18:23:22Z" finished-at="2016-01-20T18:23:36Z">
          <reporter-output>
          </reporter-output>
        </test-method> <!-- createaccountregisteremail -->
        <test-method status="PASS" signature="teardown(org.testng.ITestResult)[pri:0, instance:smoketest.Testsuit@edf4efb]" name="teardown" is-config="true" duration-ms="6493" started-at="2016-01-20T18:23:36Z" finished-at="2016-01-20T18:23:42Z">
          <params>
            <param index="0">
              <value>
                <![CDATA[[TestResult name=createaccountregisteremail status=SUCCESS method=Testsuit.createaccountregisteremail()[pri:0, instance:smoketest.Testsuit@edf4efb] output={null}]]]>
              </value>
            </param>
          </params>
          <reporter-output>
          </reporter-output>
        </test-method> <!-- teardown -->
        <test-method status="PASS" signature="before()[pri:0, instance:smoketest.Testsuit@edf4efb]" name="before" is-config="true" duration-ms="29631" started-at="2016-01-20T18:23:42Z" finished-at="2016-01-20T18:24:12Z">
          <reporter-output>
          </reporter-output>
        </test-method> <!-- before -->
        <test-method status="FAIL" signature="OrderPage()[pri:0, instance:smoketest.Testsuit@edf4efb]" name="OrderPage" duration-ms="52637" started-at="2016-01-20T18:24:12Z" finished-at="2016-01-20T18:25:05Z">
          <exception class="org.openqa.selenium.NoSuchElementException">
            <message>
              <![CDATA[Unable to locate element: {"method":"xpath","selector":".//*[@id='address1']"}
Command duration or timeout: 10.15 seconds
For documentation on this error, please visit: http://seleniumhq.org/exceptions/no_such_element.html
Build info: version: '2.48.2', revision: '41bccdd', time: '2015-10-09 19:55:52'
System info: host: 'Rahman_PC', ip: '192.168.1.3', os.name: 'Windows 8.1', os.arch: 'amd64', os.version: '6.3', java.version: '1.8.0_66'
Driver info: org.openqa.selenium.firefox.FirefoxDriver
Capabilities [{applicationCacheEnabled=true, rotatable=false, handlesAlerts=true, databaseEnabled=true, version=43.0.4, platform=WINDOWS, nativeEvents=false, acceptSslCerts=true, webStorageEnabled=true, locationContextEnabled=true, browserName=firefox, takesScreenshot=true, javascriptEnabled=true, cssSelectorsEnabled=true}]
Session ID: b4ee8b9e-4f29-47c6-b76a-8547a9095648
*** Element info: {Using=xpath, value=.//*[@id='address1']}]]>
            </message>
            <full-stacktrace>
              <![CDATA[org.openqa.selenium.NoSuchElementException: Unable to locate element: {"method":"xpath","selector":".//*[@id='address1']"}
Command duration or timeout: 10.15 seconds
For documentation on this error, please visit: http://seleniumhq.org/exceptions/no_such_element.html
Build info: version: '2.48.2', revision: '41bccdd', time: '2015-10-09 19:55:52'
System info: host: 'Rahman_PC', ip: '192.168.1.3', os.name: 'Windows 8.1', os.arch: 'amd64', os.version: '6.3', java.version: '1.8.0_66'
Driver info: org.openqa.selenium.firefox.FirefoxDriver
Capabilities [{applicationCacheEnabled=true, rotatable=false, handlesAlerts=true, databaseEnabled=true, version=43.0.4, platform=WINDOWS, nativeEvents=false, acceptSslCerts=true, webStorageEnabled=true, locationContextEnabled=true, browserName=firefox, takesScreenshot=true, javascriptEnabled=true, cssSelectorsEnabled=true}]
Session ID: b4ee8b9e-4f29-47c6-b76a-8547a9095648
*** Element info: {Using=xpath, value=.//*[@id='address1']}
	at sun.reflect.NativeConstructorAccessorImpl.newInstance0(Native Method)
	at sun.reflect.NativeConstructorAccessorImpl.newInstance(Unknown Source)
	at sun.reflect.DelegatingConstructorAccessorImpl.newInstance(Unknown Source)
	at java.lang.reflect.Constructor.newInstance(Unknown Source)
	at org.openqa.selenium.remote.ErrorHandler.createThrowable(ErrorHandler.java:206)
	at org.openqa.selenium.remote.ErrorHandler.throwIfResponseFailed(ErrorHandler.java:158)
	at org.openqa.selenium.remote.RemoteWebDriver.execute(RemoteWebDriver.java:647)
	at org.openqa.selenium.remote.RemoteWebDriver.findElement(RemoteWebDriver.java:353)
	at org.openqa.selenium.remote.RemoteWebDriver.findElementByXPath(RemoteWebDriver.java:490)
	at org.openqa.selenium.By$ByXPath.findElement(By.java:361)
	at org.openqa.selenium.remote.RemoteWebDriver.findElement(RemoteWebDriver.java:345)
	at org.openqa.selenium.support.pagefactory.DefaultElementLocator.findElement(DefaultElementLocator.java:69)
	at org.openqa.selenium.support.pagefactory.internal.LocatingElementHandler.invoke(LocatingElementHandler.java:38)
	at com.sun.proxy.$Proxy6.sendKeys(Unknown Source)
	at com.OrderPage.placeorder(OrderPage.java:50)
	at smoketest.Testsuit.OrderPage(Testsuit.java:97)
	at sun.reflect.NativeMethodAccessorImpl.invoke0(Native Method)
	at sun.reflect.NativeMethodAccessorImpl.invoke(Unknown Source)
	at sun.reflect.DelegatingMethodAccessorImpl.invoke(Unknown Source)
	at java.lang.reflect.Method.invoke(Unknown Source)
	at org.testng.internal.MethodInvocationHelper.invokeMethod(MethodInvocationHelper.java:85)
	at org.testng.internal.Invoker.invokeMethod(Invoker.java:639)
	at org.testng.internal.Invoker.invokeTestMethod(Invoker.java:821)
	at org.testng.internal.Invoker.invokeTestMethods(Invoker.java:1131)
	at org.testng.internal.TestMethodWorker.invokeTestMethods(TestMethodWorker.java:124)
	at org.testng.internal.TestMethodWorker.run(TestMethodWorker.java:108)
	at org.testng.TestRunner.privateRun(TestRunner.java:773)
	at org.testng.TestRunner.run(TestRunner.java:623)
	at org.testng.SuiteRunner.runTest(SuiteRunner.java:357)
	at org.testng.SuiteRunner.runSequentially(SuiteRunner.java:352)
	at org.testng.SuiteRunner.privateRun(SuiteRunner.java:310)
	at org.testng.SuiteRunner.run(SuiteRunner.java:259)
	at org.testng.SuiteRunnerWorker.runSuite(SuiteRunnerWorker.java:52)
	at org.testng.SuiteRunnerWorker.run(SuiteRunnerWorker.java:86)
	at org.testng.TestNG.runSuitesSequentially(TestNG.java:1185)
	at org.testng.TestNG.runSuitesLocally(TestNG.java:1110)
	at org.testng.TestNG.run(TestNG.java:1018)
	at org.testng.remote.RemoteTestNG.run(RemoteTestNG.java:111)
	at org.testng.remote.RemoteTestNG.initAndRun(RemoteTestNG.java:204)
	at org.testng.remote.RemoteTestNG.main(RemoteTestNG.java:175)
Caused by: org.openqa.selenium.NoSuchElementException: Unable to locate element: {"method":"xpath","selector":".//*[@id='address1']"}
For documentation on this error, please visit: http://seleniumhq.org/exceptions/no_such_element.html
Build info: version: '2.48.2', revision: '41bccdd', time: '2015-10-09 19:55:52'
System info: host: 'Rahman_PC', ip: '192.168.1.3', os.name: 'Windows 8.1', os.arch: 'amd64', os.version: '6.3', java.version: '1.8.0_66'
Driver info: driver.version: unknown
	at <anonymous class>.FirefoxDriver.prototype.findElementInternal_(file:///C:/Users/Mizanur/AppData/Local/Temp/anonymous6936542094703594412webdriver-profile/extensions/fxdriver@googlecode.com/components/driver-component.js:10659)
	at <anonymous class>.fxdriver.Timer.prototype.setTimeout/<.notify(file:///C:/Users/Mizanur/AppData/Local/Temp/anonymous6936542094703594412webdriver-profile/extensions/fxdriver@googlecode.com/components/driver-component.js:621)
]]>
            </full-stacktrace>
          </exception> <!-- org.openqa.selenium.NoSuchElementException -->
          <reporter-output>
          </reporter-output>
        </test-method> <!-- OrderPage -->
        <test-method status="PASS" signature="teardown(org.testng.ITestResult)[pri:0, instance:smoketest.Testsuit@edf4efb]" name="teardown" is-config="true" duration-ms="11182" started-at="2016-01-20T18:25:05Z" finished-at="2016-01-20T18:25:16Z">
          <params>
            <param index="0">
              <value>
                <![CDATA[[TestResult name=OrderPage status=FAILURE method=Testsuit.OrderPage()[pri:0, instance:smoketest.Testsuit@edf4efb] output={null}]]]>
              </value>
            </param>
          </params>
          <reporter-output>
          </reporter-output>
        </test-method> <!-- teardown -->
      </class> <!-- smoketest.Testsuit -->
    </test> <!-- Default test -->
  </suite> <!-- Default suite -->
</testng-results>
